  dzialania.cpp
C:\Nauka\GRA\GRA\GRA\gra.h(119,9): error C2248: "Heros::hp": nie można uzyskać dostępu do protected składowa zadeklarowanych w klasie "Heros"
C:\Nauka\GRA\GRA\GRA\gra.h(47): message : zobacz deklarację „Heros::hp”
C:\Nauka\GRA\GRA\GRA\gra.h(40): message : zobacz deklarację „Heros”
C:\Nauka\GRA\GRA\GRA\gra.h(119,21): error C2248: "Heros::hp": nie można uzyskać dostępu do protected składowa zadeklarowanych w klasie "Heros"
C:\Nauka\GRA\GRA\GRA\gra.h(47): message : zobacz deklarację „Heros::hp”
C:\Nauka\GRA\GRA\GRA\gra.h(40): message : zobacz deklarację „Heros”
C:\Nauka\GRA\GRA\GRA\gra.h(120,14): warning C4244: "argument": konwersja z "time_t" do "unsigned int", możliwa utrata danych
C:\Nauka\GRA\GRA\GRA\gra.h(121,1): error C2027: wykorzystanie niezdefiniowanego przez użytkownika typu "Enemys"
C:\Nauka\GRA\GRA\GRA\gra.h(11): message : zobacz deklarację „Enemys”
C:\Nauka\GRA\GRA\GRA\gra.h(121,46): error C2248: "Heros::damageMin": nie można uzyskać dostępu do protected składowa zadeklarowanych w klasie "Heros"
C:\Nauka\GRA\GRA\GRA\gra.h(50): message : zobacz deklarację „Heros::damageMin”
C:\Nauka\GRA\GRA\GRA\gra.h(40): message : zobacz deklarację „Heros”
C:\Nauka\GRA\GRA\GRA\gra.h(121,66): error C2248: "Heros::damageMax": nie można uzyskać dostępu do protected składowa zadeklarowanych w klasie "Heros"
C:\Nauka\GRA\GRA\GRA\gra.h(51): message : zobacz deklarację „Heros::damageMax”
C:\Nauka\GRA\GRA\GRA\gra.h(40): message : zobacz deklarację „Heros”
C:\Nauka\GRA\GRA\GRA\gra.h(123,14): warning C4244: "argument": konwersja z "time_t" do "unsigned int", możliwa utrata danych
C:\Nauka\GRA\GRA\GRA\gra.h(124,1): error C2027: wykorzystanie niezdefiniowanego przez użytkownika typu "Enemys"
C:\Nauka\GRA\GRA\GRA\gra.h(11): message : zobacz deklarację „Enemys”
C:\Nauka\GRA\GRA\GRA\gra.h(124,46): error C2248: "Heros::damageMin": nie można uzyskać dostępu do protected składowa zadeklarowanych w klasie "Heros"
C:\Nauka\GRA\GRA\GRA\gra.h(50): message : zobacz deklarację „Heros::damageMin”
C:\Nauka\GRA\GRA\GRA\gra.h(40): message : zobacz deklarację „Heros”
C:\Nauka\GRA\GRA\GRA\gra.h(124,66): error C2248: "Heros::damageMax": nie można uzyskać dostępu do protected składowa zadeklarowanych w klasie "Heros"
C:\Nauka\GRA\GRA\GRA\gra.h(51): message : zobacz deklarację „Heros::damageMax”
C:\Nauka\GRA\GRA\GRA\gra.h(40): message : zobacz deklarację „Heros”
C:\Nauka\GRA\GRA\GRA\dzialania.cpp(355,13): warning C4244: "argument": konwersja z "time_t" do "unsigned int", możliwa utrata danych
  main.cpp
C:\Nauka\GRA\GRA\GRA\gra.h(119,9): error C2248: "Heros::hp": nie można uzyskać dostępu do protected składowa zadeklarowanych w klasie "Heros"
C:\Nauka\GRA\GRA\GRA\gra.h(47): message : zobacz deklarację „Heros::hp”
C:\Nauka\GRA\GRA\GRA\gra.h(40): message : zobacz deklarację „Heros”
C:\Nauka\GRA\GRA\GRA\gra.h(119,21): error C2248: "Heros::hp": nie można uzyskać dostępu do protected składowa zadeklarowanych w klasie "Heros"
C:\Nauka\GRA\GRA\GRA\gra.h(47): message : zobacz deklarację „Heros::hp”
C:\Nauka\GRA\GRA\GRA\gra.h(40): message : zobacz deklarację „Heros”
C:\Nauka\GRA\GRA\GRA\gra.h(120,14): warning C4244: "argument": konwersja z "time_t" do "unsigned int", możliwa utrata danych
C:\Nauka\GRA\GRA\GRA\gra.h(121,1): error C2027: wykorzystanie niezdefiniowanego przez użytkownika typu "Enemys"
C:\Nauka\GRA\GRA\GRA\gra.h(11): message : zobacz deklarację „Enemys”
C:\Nauka\GRA\GRA\GRA\gra.h(121,46): error C2248: "Heros::damageMin": nie można uzyskać dostępu do protected składowa zadeklarowanych w klasie "Heros"
C:\Nauka\GRA\GRA\GRA\gra.h(50): message : zobacz deklarację „Heros::damageMin”
C:\Nauka\GRA\GRA\GRA\gra.h(40): message : zobacz deklarację „Heros”
C:\Nauka\GRA\GRA\GRA\gra.h(121,66): error C2248: "Heros::damageMax": nie można uzyskać dostępu do protected składowa zadeklarowanych w klasie "Heros"
C:\Nauka\GRA\GRA\GRA\gra.h(51): message : zobacz deklarację „Heros::damageMax”
C:\Nauka\GRA\GRA\GRA\gra.h(40): message : zobacz deklarację „Heros”
C:\Nauka\GRA\GRA\GRA\gra.h(123,14): warning C4244: "argument": konwersja z "time_t" do "unsigned int", możliwa utrata danych
C:\Nauka\GRA\GRA\GRA\gra.h(124,1): error C2027: wykorzystanie niezdefiniowanego przez użytkownika typu "Enemys"
C:\Nauka\GRA\GRA\GRA\gra.h(11): message : zobacz deklarację „Enemys”
C:\Nauka\GRA\GRA\GRA\gra.h(124,46): error C2248: "Heros::damageMin": nie można uzyskać dostępu do protected składowa zadeklarowanych w klasie "Heros"
C:\Nauka\GRA\GRA\GRA\gra.h(50): message : zobacz deklarację „Heros::damageMin”
C:\Nauka\GRA\GRA\GRA\gra.h(40): message : zobacz deklarację „Heros”
C:\Nauka\GRA\GRA\GRA\gra.h(124,66): error C2248: "Heros::damageMax": nie można uzyskać dostępu do protected składowa zadeklarowanych w klasie "Heros"
C:\Nauka\GRA\GRA\GRA\gra.h(51): message : zobacz deklarację „Heros::damageMax”
C:\Nauka\GRA\GRA\GRA\gra.h(40): message : zobacz deklarację „Heros”
  gra.cpp
C:\Nauka\GRA\GRA\GRA\gra.h(119,9): error C2248: "Heros::hp": nie można uzyskać dostępu do protected składowa zadeklarowanych w klasie "Heros"
C:\Nauka\GRA\GRA\GRA\gra.h(47): message : zobacz deklarację „Heros::hp”
C:\Nauka\GRA\GRA\GRA\gra.h(40): message : zobacz deklarację „Heros”
C:\Nauka\GRA\GRA\GRA\gra.h(119,21): error C2248: "Heros::hp": nie można uzyskać dostępu do protected składowa zadeklarowanych w klasie "Heros"
C:\Nauka\GRA\GRA\GRA\gra.h(47): message : zobacz deklarację „Heros::hp”
C:\Nauka\GRA\GRA\GRA\gra.h(40): message : zobacz deklarację „Heros”
C:\Nauka\GRA\GRA\GRA\gra.h(120,14): warning C4244: "argument": konwersja z "time_t" do "unsigned int", możliwa utrata danych
C:\Nauka\GRA\GRA\GRA\gra.h(121,1): error C2027: wykorzystanie niezdefiniowanego przez użytkownika typu "Enemys"
C:\Nauka\GRA\GRA\GRA\gra.h(11): message : zobacz deklarację „Enemys”
C:\Nauka\GRA\GRA\GRA\gra.h(121,46): error C2248: "Heros::damageMin": nie można uzyskać dostępu do protected składowa zadeklarowanych w klasie "Heros"
C:\Nauka\GRA\GRA\GRA\gra.h(50): message : zobacz deklarację „Heros::damageMin”
C:\Nauka\GRA\GRA\GRA\gra.h(40): message : zobacz deklarację „Heros”
C:\Nauka\GRA\GRA\GRA\gra.h(121,66): error C2248: "Heros::damageMax": nie można uzyskać dostępu do protected składowa zadeklarowanych w klasie "Heros"
C:\Nauka\GRA\GRA\GRA\gra.h(51): message : zobacz deklarację „Heros::damageMax”
C:\Nauka\GRA\GRA\GRA\gra.h(40): message : zobacz deklarację „Heros”
C:\Nauka\GRA\GRA\GRA\gra.h(123,14): warning C4244: "argument": konwersja z "time_t" do "unsigned int", możliwa utrata danych
C:\Nauka\GRA\GRA\GRA\gra.h(124,1): error C2027: wykorzystanie niezdefiniowanego przez użytkownika typu "Enemys"
C:\Nauka\GRA\GRA\GRA\gra.h(11): message : zobacz deklarację „Enemys”
C:\Nauka\GRA\GRA\GRA\gra.h(124,46): error C2248: "Heros::damageMin": nie można uzyskać dostępu do protected składowa zadeklarowanych w klasie "Heros"
C:\Nauka\GRA\GRA\GRA\gra.h(50): message : zobacz deklarację „Heros::damageMin”
C:\Nauka\GRA\GRA\GRA\gra.h(40): message : zobacz deklarację „Heros”
C:\Nauka\GRA\GRA\GRA\gra.h(124,66): error C2248: "Heros::damageMax": nie można uzyskać dostępu do protected składowa zadeklarowanych w klasie "Heros"
C:\Nauka\GRA\GRA\GRA\gra.h(51): message : zobacz deklarację „Heros::damageMax”
C:\Nauka\GRA\GRA\GRA\gra.h(40): message : zobacz deklarację „Heros”
C:\Nauka\GRA\GRA\GRA\gra.cpp(129): error C2259: „Mag”: nie można utworzyć wystąpienia klasy abstrakcyjnej
C:\Nauka\GRA\GRA\GRA\gra.h(146): message : zobacz deklarację „Mag”
C:\Nauka\GRA\GRA\GRA\gra.cpp(129): message : z powodu następujących składowych:
C:\Nauka\GRA\GRA\GRA\gra.cpp(129): message : "void Heros::umiejetnosc_specjalna(Heros *,Enemys *)": jest abstrakcyjna
C:\Nauka\GRA\GRA\GRA\gra.h(69): message : zobacz deklarację „Heros::umiejetnosc_specjalna”
C:\Nauka\GRA\GRA\GRA\gra.cpp(129,18): error C2259: „Mag”: nie można utworzyć wystąpienia klasy abstrakcyjnej
C:\Nauka\GRA\GRA\GRA\gra.h(146): message : zobacz deklarację „Mag”
C:\Nauka\GRA\GRA\GRA\gra.cpp(129,18): message : z powodu następujących składowych:
C:\Nauka\GRA\GRA\GRA\gra.cpp(129,18): message : "void Heros::umiejetnosc_specjalna(Heros *,Enemys *)": jest abstrakcyjna
C:\Nauka\GRA\GRA\GRA\gra.h(69): message : zobacz deklarację „Heros::umiejetnosc_specjalna”
  lokacje.cpp
C:\Nauka\GRA\GRA\GRA\gra.h(119,9): error C2248: "Heros::hp": nie można uzyskać dostępu do protected składowa zadeklarowanych w klasie "Heros"
C:\Nauka\GRA\GRA\GRA\gra.h(47): message : zobacz deklarację „Heros::hp”
C:\Nauka\GRA\GRA\GRA\gra.h(40): message : zobacz deklarację „Heros”
C:\Nauka\GRA\GRA\GRA\gra.h(119,21): error C2248: "Heros::hp": nie można uzyskać dostępu do protected składowa zadeklarowanych w klasie "Heros"
C:\Nauka\GRA\GRA\GRA\gra.h(47): message : zobacz deklarację „Heros::hp”
C:\Nauka\GRA\GRA\GRA\gra.h(40): message : zobacz deklarację „Heros”
C:\Nauka\GRA\GRA\GRA\gra.h(120,14): warning C4244: "argument": konwersja z "time_t" do "unsigned int", możliwa utrata danych
C:\Nauka\GRA\GRA\GRA\gra.h(121,1): error C2027: wykorzystanie niezdefiniowanego przez użytkownika typu "Enemys"
C:\Nauka\GRA\GRA\GRA\gra.h(11): message : zobacz deklarację „Enemys”
C:\Nauka\GRA\GRA\GRA\gra.h(121,46): error C2248: "Heros::damageMin": nie można uzyskać dostępu do protected składowa zadeklarowanych w klasie "Heros"
C:\Nauka\GRA\GRA\GRA\gra.h(50): message : zobacz deklarację „Heros::damageMin”
C:\Nauka\GRA\GRA\GRA\gra.h(40): message : zobacz deklarację „Heros”
C:\Nauka\GRA\GRA\GRA\gra.h(121,66): error C2248: "Heros::damageMax": nie można uzyskać dostępu do protected składowa zadeklarowanych w klasie "Heros"
C:\Nauka\GRA\GRA\GRA\gra.h(51): message : zobacz deklarację „Heros::damageMax”
C:\Nauka\GRA\GRA\GRA\gra.h(40): message : zobacz deklarację „Heros”
C:\Nauka\GRA\GRA\GRA\gra.h(123,14): warning C4244: "argument": konwersja z "time_t" do "unsigned int", możliwa utrata danych
C:\Nauka\GRA\GRA\GRA\gra.h(124,1): error C2027: wykorzystanie niezdefiniowanego przez użytkownika typu "Enemys"
C:\Nauka\GRA\GRA\GRA\gra.h(11): message : zobacz deklarację „Enemys”
C:\Nauka\GRA\GRA\GRA\gra.h(124,46): error C2248: "Heros::damageMin": nie można uzyskać dostępu do protected składowa zadeklarowanych w klasie "Heros"
C:\Nauka\GRA\GRA\GRA\gra.h(50): message : zobacz deklarację „Heros::damageMin”
C:\Nauka\GRA\GRA\GRA\gra.h(40): message : zobacz deklarację „Heros”
C:\Nauka\GRA\GRA\GRA\gra.h(124,66): error C2248: "Heros::damageMax": nie można uzyskać dostępu do protected składowa zadeklarowanych w klasie "Heros"
C:\Nauka\GRA\GRA\GRA\gra.h(51): message : zobacz deklarację „Heros::damageMax”
C:\Nauka\GRA\GRA\GRA\gra.h(40): message : zobacz deklarację „Heros”
  enemy.cpp
C:\Nauka\GRA\GRA\GRA\gra.h(119,9): error C2248: "Heros::hp": nie można uzyskać dostępu do protected składowa zadeklarowanych w klasie "Heros"
C:\Nauka\GRA\GRA\GRA\gra.h(47): message : zobacz deklarację „Heros::hp”
C:\Nauka\GRA\GRA\GRA\gra.h(40): message : zobacz deklarację „Heros”
C:\Nauka\GRA\GRA\GRA\gra.h(119,21): error C2248: "Heros::hp": nie można uzyskać dostępu do protected składowa zadeklarowanych w klasie "Heros"
C:\Nauka\GRA\GRA\GRA\gra.h(47): message : zobacz deklarację „Heros::hp”
C:\Nauka\GRA\GRA\GRA\gra.h(40): message : zobacz deklarację „Heros”
C:\Nauka\GRA\GRA\GRA\gra.h(120,14): warning C4244: "argument": konwersja z "time_t" do "unsigned int", możliwa utrata danych
C:\Nauka\GRA\GRA\GRA\gra.h(121,1): error C2027: wykorzystanie niezdefiniowanego przez użytkownika typu "Enemys"
C:\Nauka\GRA\GRA\GRA\gra.h(11): message : zobacz deklarację „Enemys”
C:\Nauka\GRA\GRA\GRA\gra.h(121,46): error C2248: "Heros::damageMin": nie można uzyskać dostępu do protected składowa zadeklarowanych w klasie "Heros"
C:\Nauka\GRA\GRA\GRA\gra.h(50): message : zobacz deklarację „Heros::damageMin”
C:\Nauka\GRA\GRA\GRA\gra.h(40): message : zobacz deklarację „Heros”
C:\Nauka\GRA\GRA\GRA\gra.h(121,66): error C2248: "Heros::damageMax": nie można uzyskać dostępu do protected składowa zadeklarowanych w klasie "Heros"
C:\Nauka\GRA\GRA\GRA\gra.h(51): message : zobacz deklarację „Heros::damageMax”
C:\Nauka\GRA\GRA\GRA\gra.h(40): message : zobacz deklarację „Heros”
C:\Nauka\GRA\GRA\GRA\gra.h(123,14): warning C4244: "argument": konwersja z "time_t" do "unsigned int", możliwa utrata danych
C:\Nauka\GRA\GRA\GRA\gra.h(124,1): error C2027: wykorzystanie niezdefiniowanego przez użytkownika typu "Enemys"
C:\Nauka\GRA\GRA\GRA\gra.h(11): message : zobacz deklarację „Enemys”
C:\Nauka\GRA\GRA\GRA\gra.h(124,46): error C2248: "Heros::damageMin": nie można uzyskać dostępu do protected składowa zadeklarowanych w klasie "Heros"
C:\Nauka\GRA\GRA\GRA\gra.h(50): message : zobacz deklarację „Heros::damageMin”
C:\Nauka\GRA\GRA\GRA\gra.h(40): message : zobacz deklarację „Heros”
C:\Nauka\GRA\GRA\GRA\gra.h(124,66): error C2248: "Heros::damageMax": nie można uzyskać dostępu do protected składowa zadeklarowanych w klasie "Heros"
C:\Nauka\GRA\GRA\GRA\gra.h(51): message : zobacz deklarację „Heros::damageMax”
C:\Nauka\GRA\GRA\GRA\gra.h(40): message : zobacz deklarację „Heros”
  Generowanie kodu...
